# JRE version: OpenJDK Runtime Environment (8.0_202-b03) (build 1.8.0_202-release-1483-b03)
# Java VM: OpenJDK 64-Bit Server VM (25.202-b03 mixed mode windows-amd64 compressed oops)
Heap:
 PSYoungGen      total 38912K, used 11437K [0x00000000e0000000, 0x00000000e3080000, 0x0000000100000000)
  eden space 29184K, 39% used [0x00000000e0000000,0x00000000e0b2b688,0x00000000e1c80000)
  from space 9728K, 0% used [0x00000000e2680000,0x00000000e2680000,0x00000000e3000000)
  to   space 10240K, 0% used [0x00000000e1c80000,0x00000000e1c80000,0x00000000e2680000)
 ParOldGen       total 45568K, used 15557K [0x00000000a0000000, 0x00000000a2c80000, 0x00000000e0000000)
  object space 45568K, 34% used [0x00000000a0000000,0x00000000a0f31628,0x00000000a2c80000)
 Metaspace       used 37049K, capacity 37754K, committed 38104K, reserved 1081344K
  class space    used 5088K, capacity 5259K, committed 5376K, reserved 1048576K
GC Heap History (10 events):
Event: 261.314 GC heap before
{Heap before GC invocations=10 (full 1):
 PSYoungGen      total 39936K, used 36857K [0x00000000e0000000, 0x00000000e3180000, 0x0000000100000000)
  eden space 31232K, 100% used [0x00000000e0000000,0x00000000e1e80000,0x00000000e1e80000)
  from space 8704K, 64% used [0x00000000e2900000,0x00000000e2e7e5c0,0x00000000e3180000)
  to   space 9728K, 0% used [0x00000000e1e80000,0x00000000e1e80000,0x00000000e2800000)
 ParOldGen       total 45568K, used 7703K [0x00000000a0000000, 0x00000000a2c80000, 0x00000000e0000000)
  object space 45568K, 16% used [0x00000000a0000000,0x00000000a0785f18,0x00000000a2c80000)
 Metaspace       used 30018K, capacity 30416K, committed 30848K, reserved 1075200K
  class space    used 4080K, capacity 4211K, committed 4224K, reserved 1048576K
Event: 261.322 GC heap after
Heap after GC invocations=10 (full 1):
 PSYoungGen      total 36864K, used 5700K [0x00000000e0000000, 0x00000000e3000000, 0x0000000100000000)
  eden space 30720K, 0% used [0x00000000e0000000,0x00000000e0000000,0x00000000e1e00000)
  from space 6144K, 92% used [0x00000000e1e80000,0x00000000e2411360,0x00000000e2480000)
  to   space 9216K, 0% used [0x00000000e2700000,0x00000000e2700000,0x00000000e3000000)
 ParOldGen       total 45568K, used 7711K [0x00000000a0000000, 0x00000000a2c80000, 0x00000000e0000000)
  object space 45568K, 16% used [0x00000000a0000000,0x00000000a0787f18,0x00000000a2c80000)
 Metaspace       used 30018K, capacity 30416K, committed 30848K, reserved 1075200K
  class space    used 4080K, capacity 4211K, committed 4224K, reserved 1048576K
}
Event: 269.142 GC heap before
{Heap before GC invocations=11 (full 1):
 PSYoungGen      total 36864K, used 36420K [0x00000000e0000000, 0x00000000e3000000, 0x0000000100000000)
  eden space 30720K, 100% used [0x00000000e0000000,0x00000000e1e00000,0x00000000e1e00000)
  from space 6144K, 92% used [0x00000000e1e80000,0x00000000e2411360,0x00000000e2480000)
  to   space 9216K, 0% used [0x00000000e2700000,0x00000000e2700000,0x00000000e3000000)
 ParOldGen       total 45568K, used 7711K [0x00000000a0000000, 0x00000000a2c80000, 0x00000000e0000000)
  object space 45568K, 16% used [0x00000000a0000000,0x00000000a0787f18,0x00000000a2c80000)
 Metaspace       used 31775K, capacity 32208K, committed 32512K, reserved 1077248K
  class space    used 4372K, capacity 4531K, committed 4608K, reserved 1048576K
Event: 269.171 GC heap after
Heap after GC invocations=11 (full 1):
 PSYoungGen      total 38912K, used 6950K [0x00000000e0000000, 0x00000000e2f80000, 0x0000000100000000)
  eden space 30208K, 0% used [0x00000000e0000000,0x00000000e0000000,0x00000000e1d80000)
  from space 8704K, 79% used [0x00000000e2700000,0x00000000e2dc9a40,0x00000000e2f80000)
  to   space 9216K, 0% used [0x00000000e1d80000,0x00000000e1d80000,0x00000000e2680000)
 ParOldGen       total 45568K, used 7719K [0x00000000a0000000, 0x00000000a2c80000, 0x00000000e0000000)
  object space 45568K, 16% used [0x00000000a0000000,0x00000000a0789f18,0x00000000a2c80000)
 Metaspace       used 31775K, capacity 32208K, committed 32512K, reserved 1077248K
  class space    used 4372K, capacity 4531K, committed 4608K, reserved 1048576K
}
Event: 283.537 GC heap before
{Heap before GC invocations=12 (full 1):
 PSYoungGen      total 38912K, used 37158K [0x00000000e0000000, 0x00000000e2f80000, 0x0000000100000000)
  eden space 30208K, 100% used [0x00000000e0000000,0x00000000e1d80000,0x00000000e1d80000)
  from space 8704K, 79% used [0x00000000e2700000,0x00000000e2dc9a40,0x00000000e2f80000)
  to   space 9216K, 0% used [0x00000000e1d80000,0x00000000e1d80000,0x00000000e2680000)
 ParOldGen       total 45568K, used 7719K [0x00000000a0000000, 0x00000000a2c80000, 0x00000000e0000000)
  object space 45568K, 16% used [0x00000000a0000000,0x00000000a0789f18,0x00000000a2c80000)
 Metaspace       used 33660K, capacity 34202K, committed 34560K, reserved 1079296K
  class space    used 4634K, capacity 4818K, committed 4864K, reserved 1048576K
Event: 283.547 GC heap after
Heap after GC invocations=12 (full 1):
 PSYoungGen      total 38912K, used 7446K [0x00000000e0000000, 0x00000000e3000000, 0x0000000100000000)
  eden space 29696K, 0% used [0x00000000e0000000,0x00000000e0000000,0x00000000e1d00000)
  from space 9216K, 80% used [0x00000000e1d80000,0x00000000e24c5808,0x00000000e2680000)
  to   space 9728K, 0% used [0x00000000e2680000,0x00000000e2680000,0x00000000e3000000)
 ParOldGen       total 45568K, used 7727K [0x00000000a0000000, 0x00000000a2c80000, 0x00000000e0000000)
  object space 45568K, 16% used [0x00000000a0000000,0x00000000a078bf18,0x00000000a2c80000)
 Metaspace       used 33660K, capacity 34202K, committed 34560K, reserved 1079296K
  class space    used 4634K, capacity 4818K, committed 4864K, reserved 1048576K
}
Event: 326.599 GC heap before
{Heap before GC invocations=13 (full 1):
 PSYoungGen      total 38912K, used 29784K [0x00000000e0000000, 0x00000000e3000000, 0x0000000100000000)
  eden space 29696K, 75% used [0x00000000e0000000,0x00000000e15d0bb0,0x00000000e1d00000)
  from space 9216K, 80% used [0x00000000e1d80000,0x00000000e24c5808,0x00000000e2680000)
  to   space 9728K, 0% used [0x00000000e2680000,0x00000000e2680000,0x00000000e3000000)
 ParOldGen       total 45568K, used 7727K [0x00000000a0000000, 0x00000000a2c80000, 0x00000000e0000000)
  object space 45568K, 16% used [0x00000000a0000000,0x00000000a078bf18,0x00000000a2c80000)
 Metaspace       used 34587K, capacity 35194K, committed 35416K, reserved 1079296K
  class space    used 4750K, capacity 4936K, committed 4992K, reserved 1048576K
Event: 326.625 GC heap after
Heap after GC invocations=13 (full 1):
 PSYoungGen      total 38912K, used 8822K [0x00000000e0000000, 0x00000000e3080000, 0x0000000100000000)
  eden space 29184K, 0% used [0x00000000e0000000,0x00000000e0000000,0x00000000e1c80000)
  from space 9728K, 90% used [0x00000000e2680000,0x00000000e2f1d908,0x00000000e3000000)
  to   space 10240K, 0% used [0x00000000e1c80000,0x00000000e1c80000,0x00000000e2680000)
 ParOldGen       total 45568K, used 7735K [0x00000000a0000000, 0x00000000a2c80000, 0x00000000e0000000)
  object space 45568K, 16% used [0x00000000a0000000,0x00000000a078df18,0x00000000a2c80000)
 Metaspace       used 34587K, capacity 35194K, committed 35416K, reserved 1079296K
  class space    used 4750K, capacity 4936K, committed 4992K, reserved 1048576K
}
Event: 326.625 GC heap before
{Heap before GC invocations=14 (full 2):
 PSYoungGen      total 38912K, used 8822K [0x00000000e0000000, 0x00000000e3080000, 0x0000000100000000)
  eden space 29184K, 0% used [0x00000000e0000000,0x00000000e0000000,0x00000000e1c80000)
  from space 9728K, 90% used [0x00000000e2680000,0x00000000e2f1d908,0x00000000e3000000)
  to   space 10240K, 0% used [0x00000000e1c80000,0x00000000e1c80000,0x00000000e2680000)
 ParOldGen       total 45568K, used 7735K [0x00000000a0000000, 0x00000000a2c80000, 0x00000000e0000000)
  object space 45568K, 16% used [0x00000000a0000000,0x00000000a078df18,0x00000000a2c80000)
 Metaspace       used 34587K, capacity 35194K, committed 35416K, reserved 1079296K
  class space    used 4750K, capacity 4936K, committed 4992K, reserved 1048576K
Event: 326.712 GC heap after
Heap after GC invocations=14 (full 2):
 PSYoungGen      total 38912K, used 0K [0x00000000e0000000, 0x00000000e3080000, 0x0000000100000000)
  eden space 29184K, 0% used [0x00000000e0000000,0x00000000e0000000,0x00000000e1c80000)
  from space 9728K, 0% used [0x00000000e2680000,0x00000000e2680000,0x00000000e3000000)
  to   space 10240K, 0% used [0x00000000e1c80000,0x00000000e1c80000,0x00000000e2680000)
 ParOldGen       total 45568K, used 15557K [0x00000000a0000000, 0x00000000a2c80000, 0x00000000e0000000)
  object space 45568K, 34% used [0x00000000a0000000,0x00000000a0f31628,0x00000000a2c80000)
 Metaspace       used 34582K, capacity 35176K, committed 35416K, reserved 1079296K
  class space    used 4749K, capacity 4933K, committed 4992K, reserved 1048576K
}

